<?xml version="1.0" encoding="UTF-8"?>
<testsuite name="ru.netology.New_discountsKtTest" tests="1" skipped="0" failures="0" errors="0" timestamp="2022-03-22T01:52:17" hostname="LENOVO-PC" time="0.009">
  <properties/>
  <testcase name="main_Maestro_false" classname="ru.netology.New_discountsKtTest" time="0.009"/>
  <system-out><![CDATA[]]></system-out>
  <system-err><![CDATA[]]></system-err>
</testsuite>
